DEB [20221214-12:01:51.337] thr=1   paramiko.transport: starting thread (client mode): 0x55d4580
DEB [20221214-12:01:51.337] thr=1   paramiko.transport: Local version/idstring: SSH-2.0-paramiko_2.11.0
DEB [20221214-12:01:51.453] thr=1   paramiko.transport: Remote version/idstring: SSH-2.0-9.99 sshlib
INF [20221214-12:01:51.453] thr=1   paramiko.transport: Connected (version 2.0, client 9.99)
DEB [20221214-12:01:51.466] thr=1   paramiko.transport: === Key exchange possibilities ===
DEB [20221214-12:01:51.466] thr=1   paramiko.transport: kex algos: diffie-hellman-group-exchange-sha256, diffie-hellman-group14-sha1, diffie-hellman-group-exchange-sha1, diffie-hellman-group1-sha1
DEB [20221214-12:01:51.466] thr=1   paramiko.transport: server key: ssh-rsa
DEB [20221214-12:01:51.467] thr=1   paramiko.transport: client encrypt: aes256-ctr, twofish256-ctr, twofish-ctr, aes128-ctr, twofish128-ctr, 3des-ctr, cast128-ctr, aes256-cbc, twofish256-cbc, twofish-cbc, aes128-cbc, twofish128-cbc, blowfish-cbc, 3des-cbc, arcfour, cast128-cbc
DEB [20221214-12:01:51.467] thr=1   paramiko.transport: server encrypt: aes256-ctr, twofish256-ctr, twofish-ctr, aes128-ctr, twofish128-ctr, 3des-ctr, cast128-ctr, aes256-cbc, twofish256-cbc, twofish-cbc, aes128-cbc, twofish128-cbc, blowfish-cbc, 3des-cbc, arcfour, cast128-cbc
DEB [20221214-12:01:51.467] thr=1   paramiko.transport: client mac: hmac-sha2-512, hmac-sha2-256, hmac-sha1, hmac-md5, hmac-sha1-96, hmac-md5-96
DEB [20221214-12:01:51.467] thr=1   paramiko.transport: server mac: hmac-sha2-512, hmac-sha2-256, hmac-sha1, hmac-md5, hmac-sha1-96, hmac-md5-96
DEB [20221214-12:01:51.467] thr=1   paramiko.transport: client compress: zlib, none
DEB [20221214-12:01:51.468] thr=1   paramiko.transport: server compress: zlib, none
DEB [20221214-12:01:51.468] thr=1   paramiko.transport: client lang: <none>
DEB [20221214-12:01:51.468] thr=1   paramiko.transport: server lang: <none>
DEB [20221214-12:01:51.468] thr=1   paramiko.transport: kex follows: False
DEB [20221214-12:01:51.468] thr=1   paramiko.transport: === Key exchange agreements ===
DEB [20221214-12:01:51.468] thr=1   paramiko.transport: Kex: diffie-hellman-group-exchange-sha256
DEB [20221214-12:01:51.469] thr=1   paramiko.transport: HostKey: ssh-rsa
DEB [20221214-12:01:51.469] thr=1   paramiko.transport: Cipher: aes128-ctr
DEB [20221214-12:01:51.469] thr=1   paramiko.transport: MAC: hmac-sha2-256
DEB [20221214-12:01:51.469] thr=1   paramiko.transport: Compression: none
DEB [20221214-12:01:51.469] thr=1   paramiko.transport: === End of kex handshake ===
DEB [20221214-12:01:51.710] thr=1   paramiko.transport: Got server p (2048 bits)
DEB [20221214-12:01:51.922] thr=1   paramiko.transport: kex engine KexGexSHA256 specified hash_algo <built-in function openssl_sha256>
DEB [20221214-12:01:51.923] thr=1   paramiko.transport: Switch to new keys ...
DEB [20221214-12:01:51.924] thr=2   paramiko.transport: Attempting password auth...
DEB [20221214-12:01:52.182] thr=1   paramiko.transport: userauth is OK
INF [20221214-12:01:53.728] thr=1   paramiko.transport: Authentication (password) successful!
DEB [20221214-12:01:53.728] thr=2   paramiko.transport: [chan 0] Max packet in: 32768 bytes
DEB [20221214-12:01:53.836] thr=1   paramiko.transport: [chan 0] Max packet out: 35840 bytes
DEB [20221214-12:01:53.836] thr=1   paramiko.transport: Secsh channel 0 opened.
DEB [20221214-12:01:53.945] thr=1   paramiko.transport: [chan 0] Sesch channel 0 request ok
INF [20221214-12:01:54.056] thr=2   paramiko.transport.sftp: [chan 0] Opened sftp connection (server version 3)
DEB [20221214-12:01:54.059] thr=2   paramiko.transport.sftp: [chan 0] stat(b'Home/Tanaya Kulkarni/TomTom_Yext_Feed_20221201.csv.zip')
DEB [20221214-12:01:54.219] thr=2   paramiko.transport.sftp: [chan 0] open(b'Home/Tanaya Kulkarni/TomTom_Yext_Feed_20221201.csv.zip', 'rb')
DEB [20221214-12:01:54.336] thr=1   paramiko.transport: EOF in transport thread
DEB [20221214-12:06:45.999] thr=1   paramiko.transport: starting thread (client mode): 0x9a924580
DEB [20221214-12:06:45.999] thr=1   paramiko.transport: Local version/idstring: SSH-2.0-paramiko_2.11.0
DEB [20221214-12:06:46.105] thr=1   paramiko.transport: Remote version/idstring: SSH-2.0-9.99 sshlib
INF [20221214-12:06:46.105] thr=1   paramiko.transport: Connected (version 2.0, client 9.99)
DEB [20221214-12:06:46.110] thr=1   paramiko.transport: === Key exchange possibilities ===
DEB [20221214-12:06:46.111] thr=1   paramiko.transport: kex algos: diffie-hellman-group-exchange-sha256, diffie-hellman-group14-sha1, diffie-hellman-group-exchange-sha1, diffie-hellman-group1-sha1
DEB [20221214-12:06:46.111] thr=1   paramiko.transport: server key: ssh-rsa
DEB [20221214-12:06:46.112] thr=1   paramiko.transport: client encrypt: aes256-ctr, twofish256-ctr, twofish-ctr, aes128-ctr, twofish128-ctr, 3des-ctr, cast128-ctr, aes256-cbc, twofish256-cbc, twofish-cbc, aes128-cbc, twofish128-cbc, blowfish-cbc, 3des-cbc, arcfour, cast128-cbc
DEB [20221214-12:06:46.112] thr=1   paramiko.transport: server encrypt: aes256-ctr, twofish256-ctr, twofish-ctr, aes128-ctr, twofish128-ctr, 3des-ctr, cast128-ctr, aes256-cbc, twofish256-cbc, twofish-cbc, aes128-cbc, twofish128-cbc, blowfish-cbc, 3des-cbc, arcfour, cast128-cbc
DEB [20221214-12:06:46.112] thr=1   paramiko.transport: client mac: hmac-sha2-512, hmac-sha2-256, hmac-sha1, hmac-md5, hmac-sha1-96, hmac-md5-96
DEB [20221214-12:06:46.112] thr=1   paramiko.transport: server mac: hmac-sha2-512, hmac-sha2-256, hmac-sha1, hmac-md5, hmac-sha1-96, hmac-md5-96
DEB [20221214-12:06:46.112] thr=1   paramiko.transport: client compress: zlib, none
DEB [20221214-12:06:46.113] thr=1   paramiko.transport: server compress: zlib, none
DEB [20221214-12:06:46.113] thr=1   paramiko.transport: client lang: <none>
DEB [20221214-12:06:46.113] thr=1   paramiko.transport: server lang: <none>
DEB [20221214-12:06:46.113] thr=1   paramiko.transport: kex follows: False
DEB [20221214-12:06:46.113] thr=1   paramiko.transport: === Key exchange agreements ===
DEB [20221214-12:06:46.114] thr=1   paramiko.transport: Kex: diffie-hellman-group-exchange-sha256
DEB [20221214-12:06:46.115] thr=1   paramiko.transport: HostKey: ssh-rsa
DEB [20221214-12:06:46.115] thr=1   paramiko.transport: Cipher: aes128-ctr
DEB [20221214-12:06:46.115] thr=1   paramiko.transport: MAC: hmac-sha2-256
DEB [20221214-12:06:46.115] thr=1   paramiko.transport: Compression: none
DEB [20221214-12:06:46.115] thr=1   paramiko.transport: === End of kex handshake ===
DEB [20221214-12:06:46.378] thr=1   paramiko.transport: Got server p (2048 bits)
DEB [20221214-12:06:46.623] thr=1   paramiko.transport: kex engine KexGexSHA256 specified hash_algo <built-in function openssl_sha256>
DEB [20221214-12:06:46.623] thr=1   paramiko.transport: Switch to new keys ...
DEB [20221214-12:06:46.624] thr=2   paramiko.transport: Attempting password auth...
DEB [20221214-12:06:46.889] thr=1   paramiko.transport: userauth is OK
INF [20221214-12:06:48.459] thr=1   paramiko.transport: Authentication (password) successful!
DEB [20221214-12:06:48.459] thr=2   paramiko.transport: [chan 0] Max packet in: 32768 bytes
DEB [20221214-12:06:48.566] thr=1   paramiko.transport: [chan 0] Max packet out: 35840 bytes
DEB [20221214-12:06:48.566] thr=1   paramiko.transport: Secsh channel 0 opened.
DEB [20221214-12:06:48.675] thr=1   paramiko.transport: [chan 0] Sesch channel 0 request ok
INF [20221214-12:06:48.782] thr=2   paramiko.transport.sftp: [chan 0] Opened sftp connection (server version 3)
DEB [20221214-12:06:48.783] thr=2   paramiko.transport.sftp: [chan 0] listdir(b'.')
DEB [20221214-12:06:49.275] thr=2   paramiko.transport.sftp: [chan 0] stat(b'Home/Tanaya Kulkarni/TomTom_Yext_Feed_20221201.csv.zip')
DEB [20221214-12:06:49.386] thr=2   paramiko.transport.sftp: [chan 0] open(b'Home/Tanaya Kulkarni/TomTom_Yext_Feed_20221201.csv.zip', 'rb')
DEB [20221214-12:06:49.522] thr=1   paramiko.transport: EOF in transport thread
DEB [20221214-12:08:07.612] thr=1   paramiko.transport: starting thread (client mode): 0x437f4580
DEB [20221214-12:08:07.613] thr=1   paramiko.transport: Local version/idstring: SSH-2.0-paramiko_2.11.0
DEB [20221214-12:08:07.724] thr=1   paramiko.transport: Remote version/idstring: SSH-2.0-9.99 sshlib
INF [20221214-12:08:07.725] thr=1   paramiko.transport: Connected (version 2.0, client 9.99)
DEB [20221214-12:08:07.727] thr=1   paramiko.transport: === Key exchange possibilities ===
DEB [20221214-12:08:07.728] thr=1   paramiko.transport: kex algos: diffie-hellman-group-exchange-sha256, diffie-hellman-group14-sha1, diffie-hellman-group-exchange-sha1, diffie-hellman-group1-sha1
DEB [20221214-12:08:07.728] thr=1   paramiko.transport: server key: ssh-rsa
DEB [20221214-12:08:07.728] thr=1   paramiko.transport: client encrypt: aes256-ctr, twofish256-ctr, twofish-ctr, aes128-ctr, twofish128-ctr, 3des-ctr, cast128-ctr, aes256-cbc, twofish256-cbc, twofish-cbc, aes128-cbc, twofish128-cbc, blowfish-cbc, 3des-cbc, arcfour, cast128-cbc
DEB [20221214-12:08:07.729] thr=1   paramiko.transport: server encrypt: aes256-ctr, twofish256-ctr, twofish-ctr, aes128-ctr, twofish128-ctr, 3des-ctr, cast128-ctr, aes256-cbc, twofish256-cbc, twofish-cbc, aes128-cbc, twofish128-cbc, blowfish-cbc, 3des-cbc, arcfour, cast128-cbc
DEB [20221214-12:08:07.729] thr=1   paramiko.transport: client mac: hmac-sha2-512, hmac-sha2-256, hmac-sha1, hmac-md5, hmac-sha1-96, hmac-md5-96
DEB [20221214-12:08:07.729] thr=1   paramiko.transport: server mac: hmac-sha2-512, hmac-sha2-256, hmac-sha1, hmac-md5, hmac-sha1-96, hmac-md5-96
DEB [20221214-12:08:07.730] thr=1   paramiko.transport: client compress: zlib, none
DEB [20221214-12:08:07.730] thr=1   paramiko.transport: server compress: zlib, none
DEB [20221214-12:08:07.730] thr=1   paramiko.transport: client lang: <none>
DEB [20221214-12:08:07.730] thr=1   paramiko.transport: server lang: <none>
DEB [20221214-12:08:07.731] thr=1   paramiko.transport: kex follows: False
DEB [20221214-12:08:07.731] thr=1   paramiko.transport: === Key exchange agreements ===
DEB [20221214-12:08:07.731] thr=1   paramiko.transport: Kex: diffie-hellman-group-exchange-sha256
DEB [20221214-12:08:07.732] thr=1   paramiko.transport: HostKey: ssh-rsa
DEB [20221214-12:08:07.733] thr=1   paramiko.transport: Cipher: aes128-ctr
DEB [20221214-12:08:07.733] thr=1   paramiko.transport: MAC: hmac-sha2-256
DEB [20221214-12:08:07.733] thr=1   paramiko.transport: Compression: none
DEB [20221214-12:08:07.733] thr=1   paramiko.transport: === End of kex handshake ===
DEB [20221214-12:08:08.005] thr=1   paramiko.transport: Got server p (2048 bits)
DEB [20221214-12:08:08.226] thr=1   paramiko.transport: kex engine KexGexSHA256 specified hash_algo <built-in function openssl_sha256>
DEB [20221214-12:08:08.226] thr=1   paramiko.transport: Switch to new keys ...
DEB [20221214-12:08:08.227] thr=2   paramiko.transport: Attempting password auth...
DEB [20221214-12:08:08.494] thr=1   paramiko.transport: userauth is OK
INF [20221214-12:08:10.027] thr=1   paramiko.transport: Authentication (password) successful!
DEB [20221214-12:08:10.029] thr=2   paramiko.transport: [chan 0] Max packet in: 32768 bytes
DEB [20221214-12:08:10.137] thr=1   paramiko.transport: [chan 0] Max packet out: 35840 bytes
DEB [20221214-12:08:10.138] thr=1   paramiko.transport: Secsh channel 0 opened.
DEB [20221214-12:08:10.245] thr=1   paramiko.transport: [chan 0] Sesch channel 0 request ok
INF [20221214-12:08:10.354] thr=2   paramiko.transport.sftp: [chan 0] Opened sftp connection (server version 3)
DEB [20221214-12:08:10.354] thr=2   paramiko.transport.sftp: [chan 0] listdir(b'.')
DEB [20221214-12:08:11.088] thr=2   paramiko.transport.sftp: [chan 0] stat(b'TomTom_Yext_Feed_20221201.csv.zip')
DEB [20221214-12:08:11.296] thr=1   paramiko.transport: EOF in transport thread
DEB [20221214-12:11:45.447] thr=1   paramiko.transport: starting thread (client mode): 0x71d34580
DEB [20221214-12:11:45.448] thr=1   paramiko.transport: Local version/idstring: SSH-2.0-paramiko_2.11.0
DEB [20221214-12:11:45.551] thr=1   paramiko.transport: Remote version/idstring: SSH-2.0-9.99 sshlib
INF [20221214-12:11:45.552] thr=1   paramiko.transport: Connected (version 2.0, client 9.99)
DEB [20221214-12:11:45.557] thr=1   paramiko.transport: === Key exchange possibilities ===
DEB [20221214-12:11:45.557] thr=1   paramiko.transport: kex algos: diffie-hellman-group-exchange-sha256, diffie-hellman-group14-sha1, diffie-hellman-group-exchange-sha1, diffie-hellman-group1-sha1
DEB [20221214-12:11:45.558] thr=1   paramiko.transport: server key: ssh-rsa
DEB [20221214-12:11:45.558] thr=1   paramiko.transport: client encrypt: aes256-ctr, twofish256-ctr, twofish-ctr, aes128-ctr, twofish128-ctr, 3des-ctr, cast128-ctr, aes256-cbc, twofish256-cbc, twofish-cbc, aes128-cbc, twofish128-cbc, blowfish-cbc, 3des-cbc, arcfour, cast128-cbc
DEB [20221214-12:11:45.559] thr=1   paramiko.transport: server encrypt: aes256-ctr, twofish256-ctr, twofish-ctr, aes128-ctr, twofish128-ctr, 3des-ctr, cast128-ctr, aes256-cbc, twofish256-cbc, twofish-cbc, aes128-cbc, twofish128-cbc, blowfish-cbc, 3des-cbc, arcfour, cast128-cbc
DEB [20221214-12:11:45.559] thr=1   paramiko.transport: client mac: hmac-sha2-512, hmac-sha2-256, hmac-sha1, hmac-md5, hmac-sha1-96, hmac-md5-96
DEB [20221214-12:11:45.559] thr=1   paramiko.transport: server mac: hmac-sha2-512, hmac-sha2-256, hmac-sha1, hmac-md5, hmac-sha1-96, hmac-md5-96
DEB [20221214-12:11:45.559] thr=1   paramiko.transport: client compress: zlib, none
DEB [20221214-12:11:45.560] thr=1   paramiko.transport: server compress: zlib, none
DEB [20221214-12:11:45.560] thr=1   paramiko.transport: client lang: <none>
DEB [20221214-12:11:45.560] thr=1   paramiko.transport: server lang: <none>
DEB [20221214-12:11:45.561] thr=1   paramiko.transport: kex follows: False
DEB [20221214-12:11:45.561] thr=1   paramiko.transport: === Key exchange agreements ===
DEB [20221214-12:11:45.561] thr=1   paramiko.transport: Kex: diffie-hellman-group-exchange-sha256
DEB [20221214-12:11:45.562] thr=1   paramiko.transport: HostKey: ssh-rsa
DEB [20221214-12:11:45.562] thr=1   paramiko.transport: Cipher: aes128-ctr
DEB [20221214-12:11:45.562] thr=1   paramiko.transport: MAC: hmac-sha2-256
DEB [20221214-12:11:45.563] thr=1   paramiko.transport: Compression: none
DEB [20221214-12:11:45.564] thr=1   paramiko.transport: === End of kex handshake ===
DEB [20221214-12:11:45.832] thr=1   paramiko.transport: Got server p (2048 bits)
DEB [20221214-12:11:46.061] thr=1   paramiko.transport: kex engine KexGexSHA256 specified hash_algo <built-in function openssl_sha256>
DEB [20221214-12:11:46.062] thr=1   paramiko.transport: Switch to new keys ...
DEB [20221214-12:11:46.062] thr=2   paramiko.transport: Attempting password auth...
DEB [20221214-12:11:46.316] thr=1   paramiko.transport: userauth is OK
INF [20221214-12:11:48.168] thr=1   paramiko.transport: Authentication (password) successful!
DEB [20221214-12:11:48.169] thr=2   paramiko.transport: [chan 0] Max packet in: 32768 bytes
DEB [20221214-12:11:48.299] thr=1   paramiko.transport: [chan 0] Max packet out: 35840 bytes
DEB [20221214-12:11:48.299] thr=1   paramiko.transport: Secsh channel 0 opened.
DEB [20221214-12:11:48.406] thr=1   paramiko.transport: [chan 0] Sesch channel 0 request ok
INF [20221214-12:11:48.579] thr=2   paramiko.transport.sftp: [chan 0] Opened sftp connection (server version 3)
DEB [20221214-12:11:48.580] thr=2   paramiko.transport.sftp: [chan 0] listdir(b'.')
DEB [20221214-12:11:49.136] thr=1   paramiko.transport: EOF in transport thread
DEB [20221214-12:18:37.022] thr=1   paramiko.transport: starting thread (client mode): 0x7fd94580
DEB [20221214-12:18:37.023] thr=1   paramiko.transport: Local version/idstring: SSH-2.0-paramiko_2.11.0
DEB [20221214-12:18:37.132] thr=1   paramiko.transport: Remote version/idstring: SSH-2.0-9.99 sshlib
INF [20221214-12:18:37.133] thr=1   paramiko.transport: Connected (version 2.0, client 9.99)
DEB [20221214-12:18:37.135] thr=1   paramiko.transport: === Key exchange possibilities ===
DEB [20221214-12:18:37.136] thr=1   paramiko.transport: kex algos: diffie-hellman-group-exchange-sha256, diffie-hellman-group14-sha1, diffie-hellman-group-exchange-sha1, diffie-hellman-group1-sha1
DEB [20221214-12:18:37.137] thr=1   paramiko.transport: server key: ssh-rsa
DEB [20221214-12:18:37.137] thr=1   paramiko.transport: client encrypt: aes256-ctr, twofish256-ctr, twofish-ctr, aes128-ctr, twofish128-ctr, 3des-ctr, cast128-ctr, aes256-cbc, twofish256-cbc, twofish-cbc, aes128-cbc, twofish128-cbc, blowfish-cbc, 3des-cbc, arcfour, cast128-cbc
DEB [20221214-12:18:37.137] thr=1   paramiko.transport: server encrypt: aes256-ctr, twofish256-ctr, twofish-ctr, aes128-ctr, twofish128-ctr, 3des-ctr, cast128-ctr, aes256-cbc, twofish256-cbc, twofish-cbc, aes128-cbc, twofish128-cbc, blowfish-cbc, 3des-cbc, arcfour, cast128-cbc
DEB [20221214-12:18:37.137] thr=1   paramiko.transport: client mac: hmac-sha2-512, hmac-sha2-256, hmac-sha1, hmac-md5, hmac-sha1-96, hmac-md5-96
DEB [20221214-12:18:37.138] thr=1   paramiko.transport: server mac: hmac-sha2-512, hmac-sha2-256, hmac-sha1, hmac-md5, hmac-sha1-96, hmac-md5-96
DEB [20221214-12:18:37.138] thr=1   paramiko.transport: client compress: zlib, none
DEB [20221214-12:18:37.138] thr=1   paramiko.transport: server compress: zlib, none
DEB [20221214-12:18:37.139] thr=1   paramiko.transport: client lang: <none>
DEB [20221214-12:18:37.139] thr=1   paramiko.transport: server lang: <none>
DEB [20221214-12:18:37.139] thr=1   paramiko.transport: kex follows: False
DEB [20221214-12:18:37.140] thr=1   paramiko.transport: === Key exchange agreements ===
DEB [20221214-12:18:37.140] thr=1   paramiko.transport: Kex: diffie-hellman-group-exchange-sha256
DEB [20221214-12:18:37.140] thr=1   paramiko.transport: HostKey: ssh-rsa
DEB [20221214-12:18:37.141] thr=1   paramiko.transport: Cipher: aes128-ctr
DEB [20221214-12:18:37.141] thr=1   paramiko.transport: MAC: hmac-sha2-256
DEB [20221214-12:18:37.141] thr=1   paramiko.transport: Compression: none
DEB [20221214-12:18:37.142] thr=1   paramiko.transport: === End of kex handshake ===
DEB [20221214-12:18:37.398] thr=1   paramiko.transport: Got server p (2048 bits)
DEB [20221214-12:18:37.608] thr=1   paramiko.transport: kex engine KexGexSHA256 specified hash_algo <built-in function openssl_sha256>
DEB [20221214-12:18:37.608] thr=1   paramiko.transport: Switch to new keys ...
DEB [20221214-12:18:37.609] thr=2   paramiko.transport: Attempting password auth...
DEB [20221214-12:18:37.894] thr=1   paramiko.transport: userauth is OK
INF [20221214-12:18:39.612] thr=1   paramiko.transport: Authentication (password) successful!
DEB [20221214-12:18:39.613] thr=2   paramiko.transport: [chan 0] Max packet in: 32768 bytes
DEB [20221214-12:18:39.727] thr=1   paramiko.transport: [chan 0] Max packet out: 35840 bytes
DEB [20221214-12:18:39.728] thr=1   paramiko.transport: Secsh channel 0 opened.
DEB [20221214-12:18:39.838] thr=1   paramiko.transport: [chan 0] Sesch channel 0 request ok
INF [20221214-12:18:39.946] thr=2   paramiko.transport.sftp: [chan 0] Opened sftp connection (server version 3)
DEB [20221214-12:18:39.948] thr=2   paramiko.transport.sftp: [chan 0] listdir(b'.')
DEB [20221214-12:18:40.493] thr=2   paramiko.transport.sftp: [chan 0] stat(b'TomTom_Yext_Feed_20221201.csv.zip')
DEB [20221214-12:18:40.743] thr=1   paramiko.transport: EOF in transport thread
DEB [20221214-12:35:57.491] thr=1   paramiko.transport: starting thread (client mode): 0x20a94580
DEB [20221214-12:35:57.491] thr=1   paramiko.transport: Local version/idstring: SSH-2.0-paramiko_2.11.0
DEB [20221214-12:35:57.620] thr=1   paramiko.transport: Remote version/idstring: SSH-2.0-9.99 sshlib
INF [20221214-12:35:57.620] thr=1   paramiko.transport: Connected (version 2.0, client 9.99)
DEB [20221214-12:35:57.622] thr=1   paramiko.transport: === Key exchange possibilities ===
DEB [20221214-12:35:57.622] thr=1   paramiko.transport: kex algos: diffie-hellman-group-exchange-sha256, diffie-hellman-group14-sha1, diffie-hellman-group-exchange-sha1, diffie-hellman-group1-sha1
DEB [20221214-12:35:57.623] thr=1   paramiko.transport: server key: ssh-rsa
DEB [20221214-12:35:57.623] thr=1   paramiko.transport: client encrypt: aes256-ctr, twofish256-ctr, twofish-ctr, aes128-ctr, twofish128-ctr, 3des-ctr, cast128-ctr, aes256-cbc, twofish256-cbc, twofish-cbc, aes128-cbc, twofish128-cbc, blowfish-cbc, 3des-cbc, arcfour, cast128-cbc
DEB [20221214-12:35:57.623] thr=1   paramiko.transport: server encrypt: aes256-ctr, twofish256-ctr, twofish-ctr, aes128-ctr, twofish128-ctr, 3des-ctr, cast128-ctr, aes256-cbc, twofish256-cbc, twofish-cbc, aes128-cbc, twofish128-cbc, blowfish-cbc, 3des-cbc, arcfour, cast128-cbc
DEB [20221214-12:35:57.623] thr=1   paramiko.transport: client mac: hmac-sha2-512, hmac-sha2-256, hmac-sha1, hmac-md5, hmac-sha1-96, hmac-md5-96
DEB [20221214-12:35:57.623] thr=1   paramiko.transport: server mac: hmac-sha2-512, hmac-sha2-256, hmac-sha1, hmac-md5, hmac-sha1-96, hmac-md5-96
DEB [20221214-12:35:57.624] thr=1   paramiko.transport: client compress: zlib, none
DEB [20221214-12:35:57.624] thr=1   paramiko.transport: server compress: zlib, none
DEB [20221214-12:35:57.624] thr=1   paramiko.transport: client lang: <none>
DEB [20221214-12:35:57.624] thr=1   paramiko.transport: server lang: <none>
DEB [20221214-12:35:57.624] thr=1   paramiko.transport: kex follows: False
DEB [20221214-12:35:57.624] thr=1   paramiko.transport: === Key exchange agreements ===
DEB [20221214-12:35:57.625] thr=1   paramiko.transport: Kex: diffie-hellman-group-exchange-sha256
DEB [20221214-12:35:57.625] thr=1   paramiko.transport: HostKey: ssh-rsa
DEB [20221214-12:35:57.625] thr=1   paramiko.transport: Cipher: aes128-ctr
DEB [20221214-12:35:57.625] thr=1   paramiko.transport: MAC: hmac-sha2-256
DEB [20221214-12:35:57.625] thr=1   paramiko.transport: Compression: none
DEB [20221214-12:35:57.625] thr=1   paramiko.transport: === End of kex handshake ===
DEB [20221214-12:35:57.912] thr=1   paramiko.transport: Got server p (2048 bits)
DEB [20221214-12:35:58.139] thr=1   paramiko.transport: kex engine KexGexSHA256 specified hash_algo <built-in function openssl_sha256>
DEB [20221214-12:35:58.139] thr=1   paramiko.transport: Switch to new keys ...
DEB [20221214-12:35:58.139] thr=2   paramiko.transport: Attempting password auth...
DEB [20221214-12:35:58.429] thr=1   paramiko.transport: userauth is OK
INF [20221214-12:36:00.138] thr=1   paramiko.transport: Authentication (password) successful!
DEB [20221214-12:36:00.139] thr=2   paramiko.transport: [chan 0] Max packet in: 32768 bytes
DEB [20221214-12:36:00.555] thr=1   paramiko.transport: [chan 0] Max packet out: 35840 bytes
DEB [20221214-12:36:00.555] thr=1   paramiko.transport: Secsh channel 0 opened.
DEB [20221214-12:36:00.665] thr=1   paramiko.transport: [chan 0] Sesch channel 0 request ok
INF [20221214-12:36:00.779] thr=2   paramiko.transport.sftp: [chan 0] Opened sftp connection (server version 3)
DEB [20221214-12:36:00.780] thr=2   paramiko.transport.sftp: [chan 0] listdir(b'.')
DEB [20221214-12:36:01.300] thr=2   paramiko.transport.sftp: [chan 0] stat(b'TomTom_Yext_Feed_20221201.csv.zip')
DEB [20221214-12:36:01.521] thr=1   paramiko.transport: EOF in transport thread
DEB [20221214-12:36:23.884] thr=1   paramiko.transport: starting thread (client mode): 0x27ed4580
DEB [20221214-12:36:23.885] thr=1   paramiko.transport: Local version/idstring: SSH-2.0-paramiko_2.11.0
DEB [20221214-12:36:23.992] thr=1   paramiko.transport: Remote version/idstring: SSH-2.0-9.99 sshlib
INF [20221214-12:36:23.992] thr=1   paramiko.transport: Connected (version 2.0, client 9.99)
DEB [20221214-12:36:24.346] thr=1   paramiko.transport: === Key exchange possibilities ===
DEB [20221214-12:36:24.347] thr=1   paramiko.transport: kex algos: diffie-hellman-group-exchange-sha256, diffie-hellman-group14-sha1, diffie-hellman-group-exchange-sha1, diffie-hellman-group1-sha1
DEB [20221214-12:36:24.347] thr=1   paramiko.transport: server key: ssh-rsa
DEB [20221214-12:36:24.348] thr=1   paramiko.transport: client encrypt: aes256-ctr, twofish256-ctr, twofish-ctr, aes128-ctr, twofish128-ctr, 3des-ctr, cast128-ctr, aes256-cbc, twofish256-cbc, twofish-cbc, aes128-cbc, twofish128-cbc, blowfish-cbc, 3des-cbc, arcfour, cast128-cbc
DEB [20221214-12:36:24.348] thr=1   paramiko.transport: server encrypt: aes256-ctr, twofish256-ctr, twofish-ctr, aes128-ctr, twofish128-ctr, 3des-ctr, cast128-ctr, aes256-cbc, twofish256-cbc, twofish-cbc, aes128-cbc, twofish128-cbc, blowfish-cbc, 3des-cbc, arcfour, cast128-cbc
DEB [20221214-12:36:24.349] thr=1   paramiko.transport: client mac: hmac-sha2-512, hmac-sha2-256, hmac-sha1, hmac-md5, hmac-sha1-96, hmac-md5-96
DEB [20221214-12:36:24.349] thr=1   paramiko.transport: server mac: hmac-sha2-512, hmac-sha2-256, hmac-sha1, hmac-md5, hmac-sha1-96, hmac-md5-96
DEB [20221214-12:36:24.350] thr=1   paramiko.transport: client compress: zlib, none
DEB [20221214-12:36:24.350] thr=1   paramiko.transport: server compress: zlib, none
DEB [20221214-12:36:24.350] thr=1   paramiko.transport: client lang: <none>
DEB [20221214-12:36:24.350] thr=1   paramiko.transport: server lang: <none>
DEB [20221214-12:36:24.350] thr=1   paramiko.transport: kex follows: False
DEB [20221214-12:36:24.351] thr=1   paramiko.transport: === Key exchange agreements ===
DEB [20221214-12:36:24.351] thr=1   paramiko.transport: Kex: diffie-hellman-group-exchange-sha256
DEB [20221214-12:36:24.351] thr=1   paramiko.transport: HostKey: ssh-rsa
DEB [20221214-12:36:24.352] thr=1   paramiko.transport: Cipher: aes128-ctr
DEB [20221214-12:36:24.352] thr=1   paramiko.transport: MAC: hmac-sha2-256
DEB [20221214-12:36:24.352] thr=1   paramiko.transport: Compression: none
DEB [20221214-12:36:24.353] thr=1   paramiko.transport: === End of kex handshake ===
DEB [20221214-12:36:24.462] thr=1   paramiko.transport: Got server p (2048 bits)
DEB [20221214-12:36:24.669] thr=1   paramiko.transport: kex engine KexGexSHA256 specified hash_algo <built-in function openssl_sha256>
DEB [20221214-12:36:24.669] thr=1   paramiko.transport: Switch to new keys ...
DEB [20221214-12:36:24.670] thr=2   paramiko.transport: Attempting password auth...
DEB [20221214-12:36:24.940] thr=1   paramiko.transport: userauth is OK
INF [20221214-12:36:26.460] thr=1   paramiko.transport: Authentication (password) successful!
DEB [20221214-12:36:26.461] thr=2   paramiko.transport: [chan 0] Max packet in: 32768 bytes
DEB [20221214-12:36:26.572] thr=1   paramiko.transport: [chan 0] Max packet out: 35840 bytes
DEB [20221214-12:36:26.573] thr=1   paramiko.transport: Secsh channel 0 opened.
DEB [20221214-12:36:26.687] thr=1   paramiko.transport: [chan 0] Sesch channel 0 request ok
INF [20221214-12:36:26.795] thr=2   paramiko.transport.sftp: [chan 0] Opened sftp connection (server version 3)
DEB [20221214-12:36:26.796] thr=2   paramiko.transport.sftp: [chan 0] listdir(b'.')
DEB [20221214-12:36:27.290] thr=2   paramiko.transport.sftp: [chan 0] stat(b'/Home/Tanaya Kulkarni/TomTom_Yext_Feed_20221201.csv.zip')
DEB [20221214-12:36:27.416] thr=2   paramiko.transport.sftp: [chan 0] open(b'/Home/Tanaya Kulkarni/TomTom_Yext_Feed_20221201.csv.zip', 'rb')
DEB [20221214-12:36:27.572] thr=2   paramiko.transport.sftp: [chan 0] open(b'/Home/Tanaya Kulkarni/TomTom_Yext_Feed_20221201.csv.zip', 'rb') -> 00000000
DEB [20221214-12:38:37.432] thr=2   paramiko.transport.sftp: [chan 0] close(00000000)
INF [20221214-12:38:37.614] thr=2   paramiko.transport.sftp: [chan 0] sftp session closed.
DEB [20221214-12:38:37.614] thr=2   paramiko.transport: [chan 0] EOF sent (0)
DEB [20221214-13:43:47.874] thr=1   paramiko.transport: starting thread (client mode): 0x378b4580
DEB [20221214-13:43:47.874] thr=1   paramiko.transport: Local version/idstring: SSH-2.0-paramiko_2.11.0
DEB [20221214-13:43:47.979] thr=1   paramiko.transport: Remote version/idstring: SSH-2.0-9.99 sshlib
INF [20221214-13:43:47.979] thr=1   paramiko.transport: Connected (version 2.0, client 9.99)
DEB [20221214-13:43:47.983] thr=1   paramiko.transport: === Key exchange possibilities ===
DEB [20221214-13:43:47.983] thr=1   paramiko.transport: kex algos: diffie-hellman-group-exchange-sha256, diffie-hellman-group14-sha1, diffie-hellman-group-exchange-sha1, diffie-hellman-group1-sha1
DEB [20221214-13:43:47.983] thr=1   paramiko.transport: server key: ssh-rsa
DEB [20221214-13:43:47.983] thr=1   paramiko.transport: client encrypt: aes256-ctr, twofish256-ctr, twofish-ctr, aes128-ctr, twofish128-ctr, 3des-ctr, cast128-ctr, aes256-cbc, twofish256-cbc, twofish-cbc, aes128-cbc, twofish128-cbc, blowfish-cbc, 3des-cbc, arcfour, cast128-cbc
DEB [20221214-13:43:47.984] thr=1   paramiko.transport: server encrypt: aes256-ctr, twofish256-ctr, twofish-ctr, aes128-ctr, twofish128-ctr, 3des-ctr, cast128-ctr, aes256-cbc, twofish256-cbc, twofish-cbc, aes128-cbc, twofish128-cbc, blowfish-cbc, 3des-cbc, arcfour, cast128-cbc
DEB [20221214-13:43:47.984] thr=1   paramiko.transport: client mac: hmac-sha2-512, hmac-sha2-256, hmac-sha1, hmac-md5, hmac-sha1-96, hmac-md5-96
DEB [20221214-13:43:47.984] thr=1   paramiko.transport: server mac: hmac-sha2-512, hmac-sha2-256, hmac-sha1, hmac-md5, hmac-sha1-96, hmac-md5-96
DEB [20221214-13:43:47.984] thr=1   paramiko.transport: client compress: zlib, none
DEB [20221214-13:43:47.985] thr=1   paramiko.transport: server compress: zlib, none
DEB [20221214-13:43:47.985] thr=1   paramiko.transport: client lang: <none>
DEB [20221214-13:43:47.985] thr=1   paramiko.transport: server lang: <none>
DEB [20221214-13:43:47.985] thr=1   paramiko.transport: kex follows: False
DEB [20221214-13:43:47.985] thr=1   paramiko.transport: === Key exchange agreements ===
DEB [20221214-13:43:47.986] thr=1   paramiko.transport: Kex: diffie-hellman-group-exchange-sha256
DEB [20221214-13:43:47.986] thr=1   paramiko.transport: HostKey: ssh-rsa
DEB [20221214-13:43:47.986] thr=1   paramiko.transport: Cipher: aes128-ctr
DEB [20221214-13:43:47.986] thr=1   paramiko.transport: MAC: hmac-sha2-256
DEB [20221214-13:43:47.987] thr=1   paramiko.transport: Compression: none
DEB [20221214-13:43:47.987] thr=1   paramiko.transport: === End of kex handshake ===
DEB [20221214-13:43:48.253] thr=1   paramiko.transport: Got server p (2048 bits)
DEB [20221214-13:43:48.432] thr=1   paramiko.transport: kex engine KexGexSHA256 specified hash_algo <built-in function openssl_sha256>
DEB [20221214-13:43:48.433] thr=1   paramiko.transport: Switch to new keys ...
DEB [20221214-13:43:48.433] thr=2   paramiko.transport: Attempting password auth...
DEB [20221214-13:43:48.702] thr=1   paramiko.transport: userauth is OK
INF [20221214-13:43:50.614] thr=1   paramiko.transport: Authentication (password) successful!
DEB [20221214-13:43:50.614] thr=1   paramiko.transport: EOF in transport thread
